2026-01-09 18:56:17.828 | DEBUG    | yt_dlp.YoutubeDL:to_screen:995 - [youtube] Extracting URL: https://www.youtube.com/watch?v=pIO4Yu2ZRdc
2026-01-09 18:56:17.829 | DEBUG    | yt_dlp.YoutubeDL:to_screen:995 - [youtube] pIO4Yu2ZRdc: Downloading webpage
2026-01-09 18:56:19.275 | WARNING  | yt_dlp.YoutubeDL:report_warning:1134 - [youtube] No supported JavaScript runtime could be found. Only deno is enabled by default; to use another runtime add  --js-runtimes RUNTIME[:PATH]  to your command/config. YouTube extraction without a JS runtime has been deprecated, and some formats may be missing. See  https://github.com/yt-dlp/yt-dlp/wiki/EJS  for details on installing one
2026-01-09 18:56:19.279 | DEBUG    | yt_dlp.YoutubeDL:to_screen:995 - [youtube] pIO4Yu2ZRdc: Downloading android sdkless player API JSON
2026-01-09 18:56:19.658 | DEBUG    | yt_dlp.YoutubeDL:to_screen:995 - [youtube] pIO4Yu2ZRdc: Downloading web safari player API JSON
2026-01-09 18:56:20.026 | WARNING  | yt_dlp.YoutubeDL:report_warning:1134 - [youtube] pIO4Yu2ZRdc: Some web_safari client https formats have been skipped as they are missing a url. YouTube is forcing SABR streaming for this client. See  https://github.com/yt-dlp/yt-dlp/issues/12482  for more details
2026-01-09 18:56:20.028 | DEBUG    | yt_dlp.YoutubeDL:to_screen:995 - [youtube] pIO4Yu2ZRdc: Downloading m3u8 information
2026-01-09 18:56:20.478 | WARNING  | yt_dlp.YoutubeDL:report_warning:1134 - [youtube] pIO4Yu2ZRdc: Some web client https formats have been skipped as they are missing a url. YouTube is forcing SABR streaming for this client. See  https://github.com/yt-dlp/yt-dlp/issues/12482  for more details
2026-01-09 18:56:20.584 | DEBUG    | yt_dlp.YoutubeDL:to_screen:995 - [info] pIO4Yu2ZRdc: Downloading 1 format(s): 248+251
2026-01-09 18:56:20.735 | DEBUG    | yt_dlp.YoutubeDL:to_screen:995 - [download] Destination: D:\D Desktop\ytd Script\Backup versions\Toyota_INNOVA_Crysta_Diesel_-_Long-Term_Ownership_Review_250_000_km_milestone.f248.webm
2026-01-09 18:56:20.736 | DEBUG    | yt_dlp.minicurses:write:111 - [download] [0;94m  0.0%[0m of   53.12MiB at [0;32m 363.90KiB/s[0m ETA [0;33m02:29[0m
2026-01-09 18:56:20.736 | DEBUG    | yt_dlp.minicurses:write:111 - [download] [0;94m  0.0%[0m of   53.12MiB at [0;32m 834.19KiB/s[0m ETA [0;33m01:05[0m
2026-01-09 18:56:20.737 | DEBUG    | yt_dlp.minicurses:write:111 - [download] [0;94m  0.0%[0m of   53.12MiB at [0;32m   1.61MiB/s[0m ETA [0;33m00:33[0m
2026-01-09 18:56:20.738 | DEBUG    | yt_dlp.minicurses:write:111 - [download] [0;94m  0.0%[0m of   53.12MiB at [0;32m   2.92MiB/s[0m ETA [0;33m00:18[0m
2026-01-09 18:56:20.762 | DEBUG    | yt_dlp.minicurses:write:111 - [download] [0;94m  0.1%[0m of   53.12MiB at [0;32m   1.04MiB/s[0m ETA [0;33m00:51[0m
2026-01-09 18:56:20.768 | DEBUG    | yt_dlp.minicurses:write:111 - [download] [0;94m  0.1%[0m of   53.12MiB at [0;32m   1.78MiB/s[0m ETA [0;33m00:29[0m
2026-01-09 18:56:20.801 | DEBUG    | yt_dlp.minicurses:write:111 - [download] [0;94m  0.2%[0m of   53.12MiB at [0;32m   1.81MiB/s[0m ETA [0;33m00:29[0m
2026-01-09 18:56:20.857 | DEBUG    | yt_dlp.minicurses:write:111 - [download] [0;94m  0.5%[0m of   53.12MiB at [0;32m   2.01MiB/s[0m ETA [0;33m00:26[0m
2026-01-09 18:56:20.978 | DEBUG    | yt_dlp.minicurses:write:111 - [download] [0;94m  0.9%[0m of   53.12MiB at [0;32m   2.04MiB/s[0m ETA [0;33m00:25[0m
2026-01-09 18:56:21.212 | DEBUG    | yt_dlp.minicurses:write:111 - [download] [0;94m  1.9%[0m of   53.12MiB at [0;32m   2.09MiB/s[0m ETA [0;33m00:24[0m
2026-01-09 18:56:21.623 | DEBUG    | yt_dlp.minicurses:write:111 - [download] [0;94m  3.8%[0m of   53.12MiB at [0;32m   2.25MiB/s[0m ETA [0;33m00:22[0m
2026-01-09 18:56:22.367 | DEBUG    | yt_dlp.minicurses:write:111 - [download] [0;94m  7.5%[0m of   53.12MiB at [0;32m   2.45MiB/s[0m ETA [0;33m00:20[0m
2026-01-09 18:56:23.721 | DEBUG    | yt_dlp.minicurses:write:111 - [download] [0;94m 12.6%[0m of   53.12MiB at [0;32m   2.24MiB/s[0m ETA [0;33m00:20[0m
2026-01-09 18:56:24.313 | DEBUG    | yt_dlp.minicurses:write:111 - [download] [0;94m 16.3%[0m of   53.12MiB at [0;32m   2.42MiB/s[0m ETA [0;33m00:18[0m
2026-01-09 18:56:24.555 | DEBUG    | yt_dlp.minicurses:write:111 - [download] [0;94m 18.2%[0m of   53.12MiB at [0;32m   2.53MiB/s[0m ETA [0;33m00:17[0m
2026-01-09 18:56:24.638 | DEBUG    | yt_dlp.minicurses:write:111 - [download] [0;94m 18.2%[0m of   53.12MiB at [0;32m 295.00KiB/s[0m ETA [0;33m02:31[0m
2026-01-09 18:56:24.639 | DEBUG    | yt_dlp.minicurses:write:111 - [download] [0;94m 18.2%[0m of   53.12MiB at [0;32m 671.77KiB/s[0m ETA [0;33m01:06[0m
2026-01-09 18:56:24.640 | DEBUG    | yt_dlp.minicurses:write:111 - [download] [0;94m 18.2%[0m of   53.12MiB at [0;32m   1.29MiB/s[0m ETA [0;33m00:33[0m
2026-01-09 18:56:24.641 | DEBUG    | yt_dlp.minicurses:write:111 - [download] [0;94m 18.2%[0m of   53.12MiB at [0;32m   2.25MiB/s[0m ETA [0;33m00:19[0m
2026-01-09 18:56:24.643 | DEBUG    | yt_dlp.minicurses:write:111 - [download] [0;94m 18.3%[0m of   53.12MiB at [0;32m   3.39MiB/s[0m ETA [0;33m00:12[0m
2026-01-09 18:56:24.662 | DEBUG    | yt_dlp.minicurses:write:111 - [download] [0;94m 18.3%[0m of   53.12MiB at [0;32m   2.21MiB/s[0m ETA [0;33m00:19[0m
2026-01-09 18:56:24.672 | DEBUG    | yt_dlp.minicurses:write:111 - [download] [0;94m 18.4%[0m of   53.12MiB at [0;32m   3.37MiB/s[0m ETA [0;33m00:12[0m
2026-01-09 18:56:24.699 | DEBUG    | yt_dlp.minicurses:write:111 - [download] [0;94m 18.7%[0m of   53.12MiB at [0;32m   3.88MiB/s[0m ETA [0;33m00:11[0m
2026-01-09 18:56:24.762 | DEBUG    | yt_dlp.minicurses:write:111 - [download] [0;94m 19.1%[0m of   53.12MiB at [0;32m   3.91MiB/s[0m ETA [0;33m00:10[0m
2026-01-09 18:56:24.903 | DEBUG    | yt_dlp.minicurses:write:111 - [download] [0;94m 20.1%[0m of   53.12MiB at [0;32m   3.72MiB/s[0m ETA [0;33m00:11[0m
2026-01-09 18:56:25.170 | DEBUG    | yt_dlp.minicurses:write:111 - [download] [0;94m 22.0%[0m of   53.12MiB at [0;32m   3.74MiB/s[0m ETA [0;33m00:11[0m
2026-01-09 18:56:25.737 | DEBUG    | yt_dlp.minicurses:write:111 - [download] [0;94m 25.7%[0m of   53.12MiB at [0;32m   3.63MiB/s[0m ETA [0;33m00:10[0m
2026-01-09 18:56:26.870 | DEBUG    | yt_dlp.minicurses:write:111 - [download] [0;94m 32.4%[0m of   53.12MiB at [0;32m   3.37MiB/s[0m ETA [0;33m00:10[0m
2026-01-09 18:56:27.545 | DEBUG    | yt_dlp.minicurses:write:111 - [download] [0;94m 36.7%[0m of   53.12MiB at [0;32m   3.37MiB/s[0m ETA [0;33m00:09[0m
2026-01-09 18:56:27.788 | DEBUG    | yt_dlp.minicurses:write:111 - [download] [0;94m 36.7%[0m of   53.12MiB at [0;32m Unknown B/s[0m ETA [0;33mUnknown[0m
2026-01-09 18:56:27.788 | DEBUG    | yt_dlp.minicurses:write:111 - [download] [0;94m 36.7%[0m of   53.12MiB at [0;32m   2.20MiB/s[0m ETA [0;33m00:15[0m
2026-01-09 18:56:27.789 | DEBUG    | yt_dlp.minicurses:write:111 - [download] [0;94m 36.7%[0m of   53.12MiB at [0;32m   3.53MiB/s[0m ETA [0;33m00:09[0m
2026-01-09 18:56:27.790 | DEBUG    | yt_dlp.minicurses:write:111 - [download] [0;94m 36.7%[0m of   53.12MiB at [0;32m   5.61MiB/s[0m ETA [0;33m00:05[0m
2026-01-09 18:56:27.791 | DEBUG    | yt_dlp.minicurses:write:111 - [download] [0;94m 36.7%[0m of   53.12MiB at [0;32m   6.90MiB/s[0m ETA [0;33m00:04[0m
2026-01-09 18:56:27.812 | DEBUG    | yt_dlp.minicurses:write:111 - [download] [0;94m 36.8%[0m of   53.12MiB at [0;32m   2.46MiB/s[0m ETA [0;33m00:13[0m
2026-01-09 18:56:27.827 | DEBUG    | yt_dlp.minicurses:write:111 - [download] [0;94m 36.9%[0m of   53.12MiB at [0;32m   3.14MiB/s[0m ETA [0;33m00:10[0m
2026-01-09 18:56:27.865 | DEBUG    | yt_dlp.minicurses:write:111 - [download] [0;94m 37.1%[0m of   53.12MiB at [0;32m   3.21MiB/s[0m ETA [0;33m00:10[0m
2026-01-09 18:56:27.962 | DEBUG    | yt_dlp.minicurses:write:111 - [download] [0;94m 37.6%[0m of   53.12MiB at [0;32m   2.86MiB/s[0m ETA [0;33m00:11[0m
2026-01-09 18:56:28.223 | DEBUG    | yt_dlp.minicurses:write:111 - [download] [0;94m 38.5%[0m of   53.12MiB at [0;32m   2.29MiB/s[0m ETA [0;33m00:14[0m
2026-01-09 18:56:29.009 | DEBUG    | yt_dlp.minicurses:write:111 - [download] [0;94m 40.4%[0m of   53.12MiB at [0;32m   1.64MiB/s[0m ETA [0;33m00:19[0m
2026-01-09 18:56:29.552 | DEBUG    | yt_dlp.minicurses:write:111 - [download] [0;94m 42.8%[0m of   53.12MiB at [0;32m   1.85MiB/s[0m ETA [0;33m00:16[0m
2026-01-09 18:56:30.163 | DEBUG    | yt_dlp.minicurses:write:111 - [download] [0;94m 47.2%[0m of   53.12MiB at [0;32m   2.36MiB/s[0m ETA [0;33m00:11[0m
2026-01-09 18:56:31.479 | DEBUG    | yt_dlp.minicurses:write:111 - [download] [0;94m 54.5%[0m of   53.12MiB at [0;32m   2.56MiB/s[0m ETA [0;33m00:09[0m
2026-01-09 18:56:31.532 | DEBUG    | yt_dlp.minicurses:write:111 - [download] [0;94m 54.8%[0m of   53.12MiB at [0;32m   2.57MiB/s[0m ETA [0;33m00:09[0m
2026-01-09 18:56:31.683 | DEBUG    | yt_dlp.minicurses:write:111 - [download] [0;94m 54.8%[0m of   53.12MiB at [0;32m 136.34KiB/s[0m ETA [0;33m03:00[0m
2026-01-09 18:56:31.684 | DEBUG    | yt_dlp.minicurses:write:111 - [download] [0;94m 54.8%[0m of   53.12MiB at [0;32m 356.56KiB/s[0m ETA [0;33m01:08[0m
2026-01-09 18:56:31.685 | DEBUG    | yt_dlp.minicurses:write:111 - [download] [0;94m 54.8%[0m of   53.12MiB at [0;32m 766.64KiB/s[0m ETA [0;33m00:32[0m
2026-01-09 18:56:31.686 | DEBUG    | yt_dlp.minicurses:write:111 - [download] [0;94m 54.8%[0m of   53.12MiB at [0;32m   1.48MiB/s[0m ETA [0;33m00:16[0m
2026-01-09 18:56:31.687 | DEBUG    | yt_dlp.minicurses:write:111 - [download] [0;94m 54.9%[0m of   53.12MiB at [0;32m   2.85MiB/s[0m ETA [0;33m00:08[0m
2026-01-09 18:56:31.690 | DEBUG    | yt_dlp.minicurses:write:111 - [download] [0;94m 54.9%[0m of   53.12MiB at [0;32m   4.48MiB/s[0m ETA [0;33m00:05[0m
2026-01-09 18:56:31.709 | DEBUG    | yt_dlp.minicurses:write:111 - [download] [0;94m 55.0%[0m of   53.12MiB at [0;32m   3.78MiB/s[0m ETA [0;33m00:06[0m
2026-01-09 18:56:31.740 | DEBUG    | yt_dlp.minicurses:write:111 - [download] [0;94m 55.3%[0m of   53.12MiB at [0;32m   3.90MiB/s[0m ETA [0;33m00:06[0m
2026-01-09 18:56:31.818 | DEBUG    | yt_dlp.minicurses:write:111 - [download] [0;94m 55.7%[0m of   53.12MiB at [0;32m   3.52MiB/s[0m ETA [0;33m00:06[0m
2026-01-09 18:56:31.934 | DEBUG    | yt_dlp.minicurses:write:111 - [download] [0;94m 56.7%[0m of   53.12MiB at [0;32m   3.87MiB/s[0m ETA [0;33m00:05[0m
2026-01-09 18:56:32.224 | DEBUG    | yt_dlp.minicurses:write:111 - [download] [0;94m 58.6%[0m of   53.12MiB at [0;32m   3.65MiB/s[0m ETA [0;33m00:06[0m
2026-01-09 18:56:32.818 | DEBUG    | yt_dlp.minicurses:write:111 - [download] [0;94m 62.3%[0m of   53.12MiB at [0;32m   3.50MiB/s[0m ETA [0;33m00:05[0m
2026-01-09 18:56:33.779 | DEBUG    | yt_dlp.minicurses:write:111 - [download] [0;94m 68.7%[0m of   53.12MiB at [0;32m   3.50MiB/s[0m ETA [0;33m00:04[0m
2026-01-09 18:56:34.653 | DEBUG    | yt_dlp.minicurses:write:111 - [download] [0;94m 73.6%[0m of   53.12MiB at [0;32m   3.36MiB/s[0m ETA [0;33m00:04[0m
2026-01-09 18:56:34.866 | DEBUG    | yt_dlp.minicurses:write:111 - [download] [0;94m 73.6%[0m of   53.12MiB at [0;32m 123.70KiB/s[0m ETA [0;33m01:56[0m
2026-01-09 18:56:34.867 | DEBUG    | yt_dlp.minicurses:write:111 - [download] [0;94m 73.6%[0m of   53.12MiB at [0;32m 329.36KiB/s[0m ETA [0;33m00:43[0m
2026-01-09 18:56:34.868 | DEBUG    | yt_dlp.minicurses:write:111 - [download] [0;94m 73.6%[0m of   53.12MiB at [0;32m 722.71KiB/s[0m ETA [0;33m00:19[0m
2026-01-09 18:56:34.868 | DEBUG    | yt_dlp.minicurses:write:111 - [download] [0;94m 73.6%[0m of   53.12MiB at [0;32m   1.43MiB/s[0m ETA [0;33m00:09[0m
2026-01-09 18:56:34.869 | DEBUG    | yt_dlp.minicurses:write:111 - [download] [0;94m 73.7%[0m of   53.12MiB at [0;32m   2.73MiB/s[0m ETA [0;33m00:05[0m
2026-01-09 18:56:34.876 | DEBUG    | yt_dlp.minicurses:write:111 - [download] [0;94m 73.7%[0m of   53.12MiB at [0;32m   3.49MiB/s[0m ETA [0;33m00:04[0m
2026-01-09 18:56:34.889 | DEBUG    | yt_dlp.minicurses:write:111 - [download] [0;94m 73.8%[0m of   53.12MiB at [0;32m   3.97MiB/s[0m ETA [0;33m00:03[0m
2026-01-09 18:56:34.962 | DEBUG    | yt_dlp.minicurses:write:111 - [download] [0;94m 74.1%[0m of   53.12MiB at [0;32m   2.41MiB/s[0m ETA [0;33m00:05[0m
2026-01-09 18:56:35.132 | DEBUG    | yt_dlp.minicurses:write:111 - [download] [0;94m 74.5%[0m of   53.12MiB at [0;32m   1.82MiB/s[0m ETA [0;33m00:07[0m
2026-01-09 18:56:35.442 | DEBUG    | yt_dlp.minicurses:write:111 - [download] [0;94m 75.5%[0m of   53.12MiB at [0;32m   1.71MiB/s[0m ETA [0;33m00:07[0m
2026-01-09 18:56:35.811 | DEBUG    | yt_dlp.minicurses:write:111 - [download] [0;94m 77.4%[0m of   53.12MiB at [0;32m   2.10MiB/s[0m ETA [0;33m00:05[0m
2026-01-09 18:56:36.525 | DEBUG    | yt_dlp.minicurses:write:111 - [download] [0;94m 81.1%[0m of   53.12MiB at [0;32m   2.40MiB/s[0m ETA [0;33m00:04[0m
2026-01-09 18:56:37.337 | DEBUG    | yt_dlp.minicurses:write:111 - [download] [0;94m 86.4%[0m of   53.12MiB at [0;32m   2.74MiB/s[0m ETA [0;33m00:02[0m
2026-01-09 18:56:38.095 | DEBUG    | yt_dlp.minicurses:write:111 - [download] [0;94m 91.7%[0m of   53.12MiB at [0;32m   2.97MiB/s[0m ETA [0;33m00:01[0m
2026-01-09 18:56:38.176 | DEBUG    | yt_dlp.minicurses:write:111 - [download] [0;94m 91.7%[0m of   53.12MiB at [0;32m  81.49KiB/s[0m ETA [0;33m00:55[0m
2026-01-09 18:56:38.177 | DEBUG    | yt_dlp.minicurses:write:111 - [download] [0;94m 91.7%[0m of   53.12MiB at [0;32m 213.04KiB/s[0m ETA [0;33m00:21[0m
2026-01-09 18:56:38.178 | DEBUG    | yt_dlp.minicurses:write:111 - [download] [0;94m 91.7%[0m of   53.12MiB at [0;32m 474.71KiB/s[0m ETA [0;33m00:09[0m
2026-01-09 18:56:38.179 | DEBUG    | yt_dlp.minicurses:write:111 - [download] [0;94m 91.7%[0m of   53.12MiB at [0;32m 970.68KiB/s[0m ETA [0;33m00:04[0m
2026-01-09 18:56:38.181 | DEBUG    | yt_dlp.minicurses:write:111 - [download] [0;94m 91.7%[0m of   53.12MiB at [0;32m   1.69MiB/s[0m ETA [0;33m00:02[0m
2026-01-09 18:56:38.188 | DEBUG    | yt_dlp.minicurses:write:111 - [download] [0;94m 91.8%[0m of   53.12MiB at [0;32m   2.46MiB/s[0m ETA [0;33m00:01[0m
2026-01-09 18:56:38.206 | DEBUG    | yt_dlp.minicurses:write:111 - [download] [0;94m 91.9%[0m of   53.12MiB at [0;32m   2.91MiB/s[0m ETA [0;33m00:01[0m
2026-01-09 18:56:38.258 | DEBUG    | yt_dlp.minicurses:write:111 - [download] [0;94m 92.1%[0m of   53.12MiB at [0;32m   2.63MiB/s[0m ETA [0;33m00:01[0m
2026-01-09 18:56:38.300 | DEBUG    | yt_dlp.minicurses:write:111 - [download] [0;94m 92.6%[0m of   53.12MiB at [0;32m   3.69MiB/s[0m ETA [0;33m00:01[0m
2026-01-09 18:56:38.444 | DEBUG    | yt_dlp.minicurses:write:111 - [download] [0;94m 93.6%[0m of   53.12MiB at [0;32m   3.56MiB/s[0m ETA [0;33m00:00[0m
2026-01-09 18:56:38.764 | DEBUG    | yt_dlp.minicurses:write:111 - [download] [0;94m 95.4%[0m of   53.12MiB at [0;32m   3.33MiB/s[0m ETA [0;33m00:00[0m
2026-01-09 18:56:39.637 | DEBUG    | yt_dlp.minicurses:write:111 - [download] [0;94m 99.2%[0m of   53.12MiB at [0;32m   2.71MiB/s[0m ETA [0;33m00:00[0m
2026-01-09 18:56:39.794 | DEBUG    | yt_dlp.minicurses:write:111 - [download] [0;94m100.0%[0m of   53.12MiB at [0;32m   2.71MiB/s[0m ETA [0;33m00:00[0m
2026-01-09 18:56:39.796 | DEBUG    | yt_dlp.minicurses:write:111 - [download] 100% of   53.12MiB in [1;37m00:00:19[0m at [0;32m2.78MiB/s[0m
2026-01-09 18:56:39.899 | DEBUG    | yt_dlp.YoutubeDL:to_screen:995 - [download] Destination: D:\D Desktop\ytd Script\Backup versions\Toyota_INNOVA_Crysta_Diesel_-_Long-Term_Ownership_Review_250_000_km_milestone.f251.webm
2026-01-09 18:56:39.900 | DEBUG    | yt_dlp.minicurses:write:111 - [download] [0;94m  0.0%[0m of    3.59MiB at [0;32m 124.40KiB/s[0m ETA [0;33m00:29[0m
2026-01-09 18:56:39.901 | DEBUG    | yt_dlp.minicurses:write:111 - [download] [0;94m  0.1%[0m of    3.59MiB at [0;32m 334.36KiB/s[0m ETA [0;33m00:10[0m
2026-01-09 18:56:39.902 | DEBUG    | yt_dlp.minicurses:write:111 - [download] [0;94m  0.2%[0m of    3.59MiB at [0;32m 726.74KiB/s[0m ETA [0;33m00:05[0m
2026-01-09 18:56:39.903 | DEBUG    | yt_dlp.minicurses:write:111 - [download] [0;94m  0.4%[0m of    3.59MiB at [0;32m   1.40MiB/s[0m ETA [0;33m00:02[0m
2026-01-09 18:56:39.904 | DEBUG    | yt_dlp.minicurses:write:111 - [download] [0;94m  0.8%[0m of    3.59MiB at [0;32m   2.66MiB/s[0m ETA [0;33m00:01[0m
2026-01-09 18:56:39.918 | DEBUG    | yt_dlp.minicurses:write:111 - [download] [0;94m  1.7%[0m of    3.59MiB at [0;32m   2.35MiB/s[0m ETA [0;33m00:01[0m
2026-01-09 18:56:39.942 | DEBUG    | yt_dlp.minicurses:write:111 - [download] [0;94m  3.5%[0m of    3.59MiB at [0;32m   2.50MiB/s[0m ETA [0;33m00:01[0m
2026-01-09 18:56:40.039 | DEBUG    | yt_dlp.minicurses:write:111 - [download] [0;94m  6.9%[0m of    3.59MiB at [0;32m   1.70MiB/s[0m ETA [0;33m00:01[0m
2026-01-09 18:56:40.136 | DEBUG    | yt_dlp.minicurses:write:111 - [download] [0;94m 13.9%[0m of    3.59MiB at [0;32m   2.05MiB/s[0m ETA [0;33m00:01[0m
2026-01-09 18:56:40.323 | DEBUG    | yt_dlp.minicurses:write:111 - [download] [0;94m 27.8%[0m of    3.59MiB at [0;32m   2.32MiB/s[0m ETA [0;33m00:01[0m
2026-01-09 18:56:40.610 | DEBUG    | yt_dlp.minicurses:write:111 - [download] [0;94m 55.6%[0m of    3.59MiB at [0;32m   2.79MiB/s[0m ETA [0;33m00:00[0m
2026-01-09 18:56:41.125 | DEBUG    | yt_dlp.minicurses:write:111 - [download] [0;94m100.0%[0m of    3.59MiB at [0;32m   2.92MiB/s[0m ETA [0;33m00:00[0m
2026-01-09 18:56:41.126 | DEBUG    | yt_dlp.minicurses:write:111 - [download] 100% of    3.59MiB in [1;37m00:00:01[0m at [0;32m2.70MiB/s[0m
2026-01-09 18:56:41.137 | DEBUG    | yt_dlp.YoutubeDL:to_screen:995 - [Merger] Merging formats into "D:\D Desktop\ytd Script\Backup versions\Toyota_INNOVA_Crysta_Diesel_-_Long-Term_Ownership_Review_250_000_km_milestone.webm"
2026-01-09 18:56:41.278 | DEBUG    | yt_dlp.YoutubeDL:to_screen:995 - Deleting original file D:\D Desktop\ytd Script\Backup versions\Toyota_INNOVA_Crysta_Diesel_-_Long-Term_Ownership_Review_250_000_km_milestone.f251.webm (pass -k to keep)
2026-01-09 18:56:41.279 | DEBUG    | yt_dlp.YoutubeDL:to_screen:995 - Deleting original file D:\D Desktop\ytd Script\Backup versions\Toyota_INNOVA_Crysta_Diesel_-_Long-Term_Ownership_Review_250_000_km_milestone.f248.webm (pass -k to keep)
